Using pre-set license
Built from '2022.1/release' branch; Version is '2022.1.21f1 (9ac1ff5ca45b) revision 10142207'; Using compiler version '192829333'; Build Type 'Release'
OS: 'Windows 11  (10.0.22621) 64bit Professional' Language: 'en' Physical Memory: 16075 MB
BatchMode: 1, IsHumanControllingUs: 0, StartBugReporterOnCrash: 0, Is64bit: 1, IsPro: 1

COMMAND LINE ARGUMENTS:
C:\Program Files\Unity\Hub\Editor\2022.1.21f1\Editor\Unity.exe
-adb2
-batchMode
-noUpm
-name
AssetImportWorker1
-projectPath
C:/Users/Aya/Documents/GitHub/AR-ByodoIn-Temple/[AR] Byodoin temple
-logFile
Logs/AssetImportWorker1.log
-srvPort
11377
Successfully changed project path to: C:/Users/Aya/Documents/GitHub/AR-ByodoIn-Temple/[AR] Byodoin temple
C:/Users/Aya/Documents/GitHub/AR-ByodoIn-Temple/[AR] Byodoin temple
[UnityMemory] Configuration Parameters - Can be set up in boot.config
    "memorysetup-bucket-allocator-granularity=16"
    "memorysetup-bucket-allocator-bucket-count=8"
    "memorysetup-bucket-allocator-block-size=33554432"
    "memorysetup-bucket-allocator-block-count=8"
    "memorysetup-main-allocator-block-size=16777216"
    "memorysetup-thread-allocator-block-size=16777216"
    "memorysetup-gfx-main-allocator-block-size=16777216"
    "memorysetup-gfx-thread-allocator-block-size=16777216"
    "memorysetup-cache-allocator-block-size=4194304"
    "memorysetup-typetree-allocator-block-size=2097152"
    "memorysetup-profiler-bucket-allocator-granularity=16"
    "memorysetup-profiler-bucket-allocator-bucket-count=8"
    "memorysetup-profiler-bucket-allocator-block-size=33554432"
    "memorysetup-profiler-bucket-allocator-block-count=8"
    "memorysetup-profiler-allocator-block-size=16777216"
    "memorysetup-profiler-editor-allocator-block-size=1048576"
    "memorysetup-temp-allocator-size-main=16777216"
    "memorysetup-job-temp-allocator-block-size=2097152"
    "memorysetup-job-temp-allocator-block-size-background=1048576"
    "memorysetup-job-temp-allocator-reduction-small-platforms=262144"
    "memorysetup-temp-allocator-size-background-worker=32768"
    "memorysetup-temp-allocator-size-job-worker=262144"
    "memorysetup-temp-allocator-size-preload-manager=33554432"
    "memorysetup-temp-allocator-size-nav-mesh-worker=65536"
    "memorysetup-temp-allocator-size-audio-worker=65536"
    "memorysetup-temp-allocator-size-cloud-worker=32768"
    "memorysetup-temp-allocator-size-gi-baking-worker=262144"
    "memorysetup-temp-allocator-size-gfx=262144"
Refreshing native plugins compatible for Editor in 64.18 ms, found 2 plugins.
Preloading 0 native plugins for Editor in 0.00 ms.
Initialize engine version: 2022.1.21f1 (9ac1ff5ca45b)
[Subsystems] Discovering subsystems at path C:/Program Files/Unity/Hub/Editor/2022.1.21f1/Editor/Data/Resources/UnitySubsystems
[Subsystems] Discovering subsystems at path C:/Users/Aya/Documents/GitHub/AR-ByodoIn-Temple/[AR] Byodoin temple/Assets
GfxDevice: creating device client; threaded=0; jobified=0
Direct3D:
    Version:  Direct3D 11.0 [level 11.1]
    Renderer: NVIDIA GeForce RTX 3050 Laptop GPU (ID=0x25a2)
    Vendor:   NVIDIA
    VRAM:     3991 MB
    Driver:   30.0.14.7186
Initialize mono
Mono path[0] = 'C:/Program Files/Unity/Hub/Editor/2022.1.21f1/Editor/Data/Managed'
Mono path[1] = 'C:/Program Files/Unity/Hub/Editor/2022.1.21f1/Editor/Data/MonoBleedingEdge/lib/mono/unityjit-win32'
Mono config path = 'C:/Program Files/Unity/Hub/Editor/2022.1.21f1/Editor/Data/MonoBleedingEdge/etc'
Using monoOptions --debugger-agent=transport=dt_socket,embedding=1,server=y,suspend=n,address=127.0.0.1:56384
Begin MonoManager ReloadAssembly
Registering precompiled unity dll's ...
Register platform support module: C:/Program Files/Unity/Hub/Editor/2022.1.21f1/Editor/Data/PlaybackEngines/AndroidPlayer/UnityEditor.Android.Extensions.dll
Register platform support module: C:/Program Files/Unity/Hub/Editor/2022.1.21f1/Editor/Data/PlaybackEngines/WindowsStandaloneSupport/UnityEditor.WindowsStandalone.Extensions.dll
Registered in 0.006274 seconds.
Native extension for WindowsStandalone target not found
Native extension for Android target not found
Refreshing native plugins compatible for Editor in 33.34 ms, found 2 plugins.
Preloading 0 native plugins for Editor in 0.00 ms.
Mono: successfully reloaded assembly
- Completed reload, in  0.762 seconds
Domain Reload Profiling:
	ReloadAssembly (763ms)
		BeginReloadAssembly (87ms)
			ExecutionOrderSort (0ms)
			DisableScriptedObjects (0ms)
			BackupInstance (0ms)
			ReleaseScriptingObjects (0ms)
			CreateAndSetChildDomain (1ms)
		EndReloadAssembly (528ms)
			LoadAssemblies (85ms)
			RebuildTransferFunctionScriptingTraits (0ms)
			SetupTypeCache (175ms)
				TypeCache.Initialize (174ms)
					TypeCache.ScanAssembly (172ms)
				ResolveRequiredComponents (1ms)
			ReleaseScriptCaches (0ms)
			RebuildScriptCaches (30ms)
			SetupLoadedEditorAssemblies (252ms)
				LogAssemblyErrors (0ms)
				InitializePlatformSupportModulesInManaged (60ms)
				SetLoadedEditorAssemblies (11ms)
				RefreshPlugins (33ms)
				BeforeProcessingInitializeOnLoad (1ms)
				ProcessInitializeOnLoadAttributes (103ms)
				ProcessInitializeOnLoadMethodAttributes (44ms)
				AfterProcessingInitializeOnLoad (0ms)
				EditorAssembliesLoaded (0ms)
			ExecutionOrderSort2 (0ms)
			AwakeInstancesAfterBackupRestoration (0ms)
Platform modules already initialized, skipping
Registering precompiled user dll's ...
Registered in 0.002297 seconds.
Begin MonoManager ReloadAssembly
Native extension for WindowsStandalone target not found
Native extension for Android target not found
Refreshing native plugins compatible for Editor in 0.67 ms, found 2 plugins.
Preloading 0 native plugins for Editor in 0.00 ms.
Mono: successfully reloaded assembly
- Completed reload, in  1.119 seconds
Domain Reload Profiling:
	ReloadAssembly (1120ms)
		BeginReloadAssembly (251ms)
			ExecutionOrderSort (0ms)
			DisableScriptedObjects (7ms)
			BackupInstance (0ms)
			ReleaseScriptingObjects (0ms)
			CreateAndSetChildDomain (130ms)
		EndReloadAssembly (728ms)
			LoadAssemblies (75ms)
			RebuildTransferFunctionScriptingTraits (0ms)
			SetupTypeCache (203ms)
				TypeCache.Initialize (201ms)
					TypeCache.ScanAssembly (197ms)
				ResolveRequiredComponents (2ms)
			ReleaseScriptCaches (1ms)
			RebuildScriptCaches (60ms)
			SetupLoadedEditorAssemblies (336ms)
				LogAssemblyErrors (0ms)
				InitializePlatformSupportModulesInManaged (14ms)
				SetLoadedEditorAssemblies (6ms)
				RefreshPlugins (1ms)
				BeforeProcessingInitializeOnLoad (50ms)
				ProcessInitializeOnLoadAttributes (233ms)
				ProcessInitializeOnLoadMethodAttributes (28ms)
				AfterProcessingInitializeOnLoad (5ms)
				EditorAssembliesLoaded (0ms)
			ExecutionOrderSort2 (0ms)
			AwakeInstancesAfterBackupRestoration (6ms)
Platform modules already initialized, skipping
========================================================================
Worker process is ready to serve import requests
Launched and connected shader compiler UnityShaderCompiler.exe after 0.05 seconds
Refreshing native plugins compatible for Editor in 0.53 ms, found 2 plugins.
Preloading 0 native plugins for Editor in 0.00 ms.
Unloading 1704 Unused Serialized files (Serialized files now loaded: 0)
Unloading 20 unused Assets / (50.4 KB). Loaded Objects now: 2175.
Memory consumption went from 282.7 MB to 282.7 MB.
Total: 3.539600 ms (FindLiveObjects: 0.357100 ms CreateObjectMapping: 0.143800 ms MarkObjects: 2.929900 ms  DeleteObjects: 0.102700 ms)

AssetImportParameters requested are different than current active one (requested -> active):
  custom:video-decoder-ogg-theora: a1e56fd34408186e4bbccfd4996cb3dc -> 
  custom:container-muxer-webm: aa71ff27fc2769a1b78a27578f13a17b -> 
  custom:container-demuxer-webm: 4f35f7cbe854078d1ac9338744f61a02 -> 
  custom:video-encoder-webm-vp8: eb34c28f22e8b96e1ab97ce403110664 -> 
  custom:video-codec-MediaFoundation-h265: 746d11721c4dcdbdad8f713fa42b33f4 -> 
  custom:audio-encoder-webm-vorbis: bf7c407c2cedff20999df2af8eb42d56 -> 
  custom:framework-win-MediaFoundation: 216162199b28c13a410421893ffa2e32 -> 
  custom:container-demuxer-ogg: 62fdf1f143b41e24485cea50d1cbac27 -> 
  custom:video-decoder-webm-vp8: 9c59270c3fd7afecdb556c50c9e8de78 -> 
  custom:audio-decoder-ogg-vorbis: bf7c407c2cedff20999df2af8eb42d56 -> 
========================================================================
Received Import Request.
  Time since last request: 768266.188095 seconds.
  path: Assets/cup.fbx
  artifactKey: Guid(a813ddf1d5ffd669fa5fe093b33ce90f) Importer(815301076,1909f56bfc062723c751e8b465ee728b)
Start importing Assets/cup.fbx using Guid(a813ddf1d5ffd669fa5fe093b33ce90f) Importer(815301076,1909f56bfc062723c751e8b465ee728b)  -> (artifact id: 'efb450116c1025e604369a3564a44751') in 0.429535 seconds 
========================================================================
Received Import Request.
  Time since last request: 0.000022 seconds.
  path: Assets/Chinteapot1.jpg
  artifactKey: Guid(9c84005867e3a4b0181c6e01cd34054a) Importer(815301076,1909f56bfc062723c751e8b465ee728b)
Start importing Assets/Chinteapot1.jpg using Guid(9c84005867e3a4b0181c6e01cd34054a) Importer(815301076,1909f56bfc062723c751e8b465ee728b)  -> (artifact id: '7b7532ddc0367276f8a09d4e2b37888d') in 0.037696 seconds 
========================================================================
Received Import Request.
  Time since last request: 0.000062 seconds.
  path: Assets/latica.png
  artifactKey: Guid(9f44e3bc4e2ac6528afd8603bd50cf67) Importer(815301076,1909f56bfc062723c751e8b465ee728b)
Start importing Assets/latica.png using Guid(9f44e3bc4e2ac6528afd8603bd50cf67) Importer(815301076,1909f56bfc062723c751e8b465ee728b)  -> (artifact id: 'f56821fe87dd0754fd03c04e3d0b9a6e') in 0.040681 seconds 
========================================================================
Received Import Request.
  Time since last request: 0.000019 seconds.
  path: Assets/Chinplatex.jpg
  artifactKey: Guid(dcaac8c1dceeb9f9d8d90a4edc63f9d3) Importer(815301076,1909f56bfc062723c751e8b465ee728b)
Start importing Assets/Chinplatex.jpg using Guid(dcaac8c1dceeb9f9d8d90a4edc63f9d3) Importer(815301076,1909f56bfc062723c751e8b465ee728b)  -> (artifact id: 'ff7d7cf331dea8d255e768ab22a45b4c') in 0.013178 seconds 
========================================================================
Received Import Request.
  Time since last request: 0.000031 seconds.
  path: Assets/Concrete034_2K_Color.jpg
  artifactKey: Guid(bc85ee7d8302abdd9a239c08aa56958e) Importer(815301076,1909f56bfc062723c751e8b465ee728b)
Start importing Assets/Concrete034_2K_Color.jpg using Guid(bc85ee7d8302abdd9a239c08aa56958e) Importer(815301076,1909f56bfc062723c751e8b465ee728b)  -> (artifact id: '003de1b115b74c72074dd35ab8df3d80') in 0.014764 seconds 
========================================================================
Received Import Request.
  Time since last request: 0.000027 seconds.
  path: Assets/aoutIcon.png
  artifactKey: Guid(d880302664cff45b3be7735da12a4093) Importer(815301076,1909f56bfc062723c751e8b465ee728b)
Start importing Assets/aoutIcon.png using Guid(d880302664cff45b3be7735da12a4093) Importer(815301076,1909f56bfc062723c751e8b465ee728b)  -> (artifact id: '6e482872d066a96bffe5cb8fd62fdf89') in 0.035242 seconds 
========================================================================
Received Import Request.
  Time since last request: 0.000022 seconds.
  path: Assets/linkIcon.png
  artifactKey: Guid(8c02b972cc615e7d0a7ddf66ed8758d8) Importer(815301076,1909f56bfc062723c751e8b465ee728b)
Start importing Assets/linkIcon.png using Guid(8c02b972cc615e7d0a7ddf66ed8758d8) Importer(815301076,1909f56bfc062723c751e8b465ee728b)  -> (artifact id: 'b6845d08a72fcf00683dc963a5713a4b') in 0.023250 seconds 
========================================================================
Received Import Request.
  Time since last request: 0.000030 seconds.
  path: Assets/m_hyd006a.TGA
  artifactKey: Guid(7751662d4a7ecea3a9d8e85a66e01db5) Importer(815301076,1909f56bfc062723c751e8b465ee728b)
Start importing Assets/m_hyd006a.TGA using Guid(7751662d4a7ecea3a9d8e85a66e01db5) Importer(815301076,1909f56bfc062723c751e8b465ee728b)  -> (artifact id: 'c7dd4bd4bf6514bda51ff7db6692e5fc') in 0.019766 seconds 
========================================================================
Received Import Request.
  Time since last request: 12.864695 seconds.
  path: Assets/Metal008_2K_Metalness.jpg
  artifactKey: Guid(65bb901dbab92c5e09fcc7c5bb648436) Importer(815301076,1909f56bfc062723c751e8b465ee728b)
Start importing Assets/Metal008_2K_Metalness.jpg using Guid(65bb901dbab92c5e09fcc7c5bb648436) Importer(815301076,1909f56bfc062723c751e8b465ee728b)  -> (artifact id: '642668932cb926d387d3bf0d229d87d8') in 0.041795 seconds 
========================================================================
Received Import Request.
  Time since last request: 0.000026 seconds.
  path: Assets/New Material.mat
  artifactKey: Guid(967fa2e5f0214a539becfcca7c931d25) Importer(815301076,1909f56bfc062723c751e8b465ee728b)
Start importing Assets/New Material.mat using Guid(967fa2e5f0214a539becfcca7c931d25) Importer(815301076,1909f56bfc062723c751e8b465ee728b)  -> (artifact id: 'f361d973a889e256dfd44d481c10b7af') in 0.044163 seconds 
========================================================================
Received Import Request.
  Time since last request: 0.000027 seconds.
  path: Assets/Metal034_2K_Color.jpg
  artifactKey: Guid(f82970ff70159ee058f1354baaaef059) Importer(815301076,1909f56bfc062723c751e8b465ee728b)
Start importing Assets/Metal034_2K_Color.jpg using Guid(f82970ff70159ee058f1354baaaef059) Importer(815301076,1909f56bfc062723c751e8b465ee728b)  -> (artifact id: '74e11138c68acd08451eb0d2c77da2d1') in 0.022620 seconds 
========================================================================
Received Import Request.
  Time since last request: 0.000058 seconds.
  path: Assets/PaintedWood003_2K_Color.jpg
  artifactKey: Guid(dc14e8138e645060783bbf2dfcc5ab09) Importer(815301076,1909f56bfc062723c751e8b465ee728b)
Start importing Assets/PaintedWood003_2K_Color.jpg using Guid(dc14e8138e645060783bbf2dfcc5ab09) Importer(815301076,1909f56bfc062723c751e8b465ee728b)  -> (artifact id: '29a5903120a7d5cde2a3ffa332573c0f') in 0.021396 seconds 
========================================================================
Received Import Request.
  Time since last request: 0.000018 seconds.
  path: Assets/Metal034_2K_Metalness.jpg
  artifactKey: Guid(e618f565bc38a7216bd1dfe397afd44d) Importer(815301076,1909f56bfc062723c751e8b465ee728b)
Start importing Assets/Metal034_2K_Metalness.jpg using Guid(e618f565bc38a7216bd1dfe397afd44d) Importer(815301076,1909f56bfc062723c751e8b465ee728b)  -> (artifact id: 'ac6486aec72cd49733bc4d97e41b45dc') in 0.029028 seconds 
========================================================================
Received Import Request.
  Time since last request: 0.034768 seconds.
  path: Assets/prikaz.png
  artifactKey: Guid(dc8a9fb0cfe5949669b22781e1c8d7f5) Importer(815301076,1909f56bfc062723c751e8b465ee728b)
Start importing Assets/prikaz.png using Guid(dc8a9fb0cfe5949669b22781e1c8d7f5) Importer(815301076,1909f56bfc062723c751e8b465ee728b)  -> (artifact id: 'a0a45d3b70dec0ae660c3c25ac5edb7b') in 0.081216 seconds 
========================================================================
Received Import Request.
  Time since last request: 0.000026 seconds.
  path: Assets/ssbe_Bark_1_v2_Mat_BaseColor.jpeg
  artifactKey: Guid(eb3ddb1bdcaa11ee5ba8380f24ea465e) Importer(815301076,1909f56bfc062723c751e8b465ee728b)
Start importing Assets/ssbe_Bark_1_v2_Mat_BaseColor.jpeg using Guid(eb3ddb1bdcaa11ee5ba8380f24ea465e) Importer(815301076,1909f56bfc062723c751e8b465ee728b)  -> (artifact id: '7bd800da9e47d47e714968d6805de7ae') in 0.030444 seconds 
========================================================================
Received Import Request.
  Time since last request: 0.000026 seconds.
  path: Assets/ssbe_Bark_1_v2_Mat_Normal.jpeg
  artifactKey: Guid(371bb1abf332f39df8ac305331465d5f) Importer(815301076,1909f56bfc062723c751e8b465ee728b)
Start importing Assets/ssbe_Bark_1_v2_Mat_Normal.jpeg using Guid(371bb1abf332f39df8ac305331465d5f) Importer(815301076,1909f56bfc062723c751e8b465ee728b)  -> (artifact id: '2e952bcf879b2bd89e2082242ab3fbed') in 0.034051 seconds 
========================================================================
Received Import Request.
  Time since last request: 0.000036 seconds.
  path: Assets/video.webm
  artifactKey: Guid(feb58bc50be517f8f840875dab279b6b) Importer(815301076,1909f56bfc062723c751e8b465ee728b)
Start importing Assets/video.webm using Guid(feb58bc50be517f8f840875dab279b6b) Importer(815301076,1909f56bfc062723c751e8b465ee728b)  -> (artifact id: 'a573e474a402a8f1c861ba54db2b7908') in 0.012187 seconds 
========================================================================
Received Import Request.
  Time since last request: 0.000035 seconds.
  path: Assets/sakura.fbx
  artifactKey: Guid(000c1843f3ec085519cb39a4a01719e9) Importer(815301076,1909f56bfc062723c751e8b465ee728b)
Start importing Assets/sakura.fbx using Guid(000c1843f3ec085519cb39a4a01719e9) Importer(815301076,1909f56bfc062723c751e8b465ee728b)  -> (artifact id: 'a6042b80a63d634e22c25df1001515fd') in 0.268151 seconds 
========================================================================
Received Import Request.
  Time since last request: 25.898747 seconds.
  path: Assets/zelena.jpg
  artifactKey: Guid(a16d19de60b2fcf63b8bd1df4d2917c2) Importer(815301076,1909f56bfc062723c751e8b465ee728b)
Start importing Assets/zelena.jpg using Guid(a16d19de60b2fcf63b8bd1df4d2917c2) Importer(815301076,1909f56bfc062723c751e8b465ee728b)  -> (artifact id: '514d7c4fb2b3d50bf66ec87ee76b3b42') in 0.014655 seconds 
========================================================================
Received Prepare
Registering precompiled user dll's ...
Registered in 0.002115 seconds.
Begin MonoManager ReloadAssembly
Native extension for WindowsStandalone target not found
Native extension for Android target not found
Refreshing native plugins compatible for Editor in 0.67 ms, found 2 plugins.
Preloading 0 native plugins for Editor in 0.00 ms.
Mono: successfully reloaded assembly
- Completed reload, in  0.901 seconds
Domain Reload Profiling:
	ReloadAssembly (902ms)
		BeginReloadAssembly (102ms)
			ExecutionOrderSort (0ms)
			DisableScriptedObjects (6ms)
			BackupInstance (0ms)
			ReleaseScriptingObjects (0ms)
			CreateAndSetChildDomain (30ms)
		EndReloadAssembly (700ms)
			LoadAssemblies (54ms)
			RebuildTransferFunctionScriptingTraits (0ms)
			SetupTypeCache (166ms)
				TypeCache.Initialize (163ms)
					TypeCache.ScanAssembly (159ms)
				ResolveRequiredComponents (2ms)
			ReleaseScriptCaches (2ms)
			RebuildScriptCaches (49ms)
			SetupLoadedEditorAssemblies (349ms)
				LogAssemblyErrors (0ms)
				InitializePlatformSupportModulesInManaged (24ms)
				SetLoadedEditorAssemblies (6ms)
				RefreshPlugins (1ms)
				BeforeProcessingInitializeOnLoad (49ms)
				ProcessInitializeOnLoadAttributes (231ms)
				ProcessInitializeOnLoadMethodAttributes (31ms)
				AfterProcessingInitializeOnLoad (6ms)
				EditorAssembliesLoaded (0ms)
			ExecutionOrderSort2 (0ms)
			AwakeInstancesAfterBackupRestoration (7ms)
Platform modules already initialized, skipping
Refreshing native plugins compatible for Editor in 1.46 ms, found 2 plugins.
Preloading 0 native plugins for Editor in 0.00 ms.
Unloading 1699 Unused Serialized files (Serialized files now loaded: 0)
Unloading 13 unused Assets / (32.5 KB). Loaded Objects now: 2236.
Memory consumption went from 286.5 MB to 286.5 MB.
Total: 3.104600 ms (FindLiveObjects: 0.161800 ms CreateObjectMapping: 0.046600 ms MarkObjects: 2.850600 ms  DeleteObjects: 0.042700 ms)

AssetImportParameters requested are different than current active one (requested -> active):
  custom:video-decoder-ogg-theora: a1e56fd34408186e4bbccfd4996cb3dc -> 
  custom:container-muxer-webm: aa71ff27fc2769a1b78a27578f13a17b -> 
  custom:container-demuxer-webm: 4f35f7cbe854078d1ac9338744f61a02 -> 
  custom:video-encoder-webm-vp8: eb34c28f22e8b96e1ab97ce403110664 -> 
  custom:video-codec-MediaFoundation-h265: 746d11721c4dcdbdad8f713fa42b33f4 -> 
  custom:audio-encoder-webm-vorbis: bf7c407c2cedff20999df2af8eb42d56 -> 
  custom:framework-win-MediaFoundation: 216162199b28c13a410421893ffa2e32 -> 
  custom:container-demuxer-ogg: 62fdf1f143b41e24485cea50d1cbac27 -> 
  custom:video-decoder-webm-vp8: 9c59270c3fd7afecdb556c50c9e8de78 -> 
  custom:audio-decoder-ogg-vorbis: bf7c407c2cedff20999df2af8eb42d56 -> 
========================================================================
Received Prepare
Registering precompiled user dll's ...
Registered in 0.002993 seconds.
Begin MonoManager ReloadAssembly
Native extension for WindowsStandalone target not found
Native extension for Android target not found
Refreshing native plugins compatible for Editor in 0.45 ms, found 2 plugins.
Preloading 0 native plugins for Editor in 0.00 ms.
Mono: successfully reloaded assembly
- Completed reload, in  0.927 seconds
Domain Reload Profiling:
	ReloadAssembly (928ms)
		BeginReloadAssembly (109ms)
			ExecutionOrderSort (0ms)
			DisableScriptedObjects (5ms)
			BackupInstance (0ms)
			ReleaseScriptingObjects (0ms)
			CreateAndSetChildDomain (29ms)
		EndReloadAssembly (742ms)
			LoadAssemblies (63ms)
			RebuildTransferFunctionScriptingTraits (0ms)
			SetupTypeCache (174ms)
				TypeCache.Initialize (168ms)
					TypeCache.ScanAssembly (164ms)
				ResolveRequiredComponents (6ms)
			ReleaseScriptCaches (2ms)
			RebuildScriptCaches (68ms)
			SetupLoadedEditorAssemblies (343ms)
				LogAssemblyErrors (0ms)
				InitializePlatformSupportModulesInManaged (24ms)
				SetLoadedEditorAssemblies (7ms)
				RefreshPlugins (1ms)
				BeforeProcessingInitializeOnLoad (54ms)
				ProcessInitializeOnLoadAttributes (222ms)
				ProcessInitializeOnLoadMethodAttributes (29ms)
				AfterProcessingInitializeOnLoad (6ms)
				EditorAssembliesLoaded (0ms)
			ExecutionOrderSort2 (0ms)
			AwakeInstancesAfterBackupRestoration (6ms)
Platform modules already initialized, skipping
Refreshing native plugins compatible for Editor in 1.38 ms, found 2 plugins.
Preloading 0 native plugins for Editor in 0.00 ms.
Unloading 1699 Unused Serialized files (Serialized files now loaded: 0)
Unloading 13 unused Assets / (32.5 KB). Loaded Objects now: 2239.
Memory consumption went from 286.6 MB to 286.5 MB.
Total: 2.949200 ms (FindLiveObjects: 0.215300 ms CreateObjectMapping: 0.087200 ms MarkObjects: 2.599600 ms  DeleteObjects: 0.045600 ms)

AssetImportParameters requested are different than current active one (requested -> active):
  custom:video-decoder-ogg-theora: a1e56fd34408186e4bbccfd4996cb3dc -> 
  custom:container-muxer-webm: aa71ff27fc2769a1b78a27578f13a17b -> 
  custom:container-demuxer-webm: 4f35f7cbe854078d1ac9338744f61a02 -> 
  custom:video-encoder-webm-vp8: eb34c28f22e8b96e1ab97ce403110664 -> 
  custom:video-codec-MediaFoundation-h265: 746d11721c4dcdbdad8f713fa42b33f4 -> 
  custom:audio-encoder-webm-vorbis: bf7c407c2cedff20999df2af8eb42d56 -> 
  custom:framework-win-MediaFoundation: 216162199b28c13a410421893ffa2e32 -> 
  custom:container-demuxer-ogg: 62fdf1f143b41e24485cea50d1cbac27 -> 
  custom:video-decoder-webm-vp8: 9c59270c3fd7afecdb556c50c9e8de78 -> 
  custom:audio-decoder-ogg-vorbis: bf7c407c2cedff20999df2af8eb42d56 -> 
========================================================================
Received Prepare
Registering precompiled user dll's ...
Registered in 0.002803 seconds.
Begin MonoManager ReloadAssembly
Native extension for WindowsStandalone target not found
Native extension for Android target not found
Refreshing native plugins compatible for Editor in 0.58 ms, found 2 plugins.
Preloading 0 native plugins for Editor in 0.00 ms.
Mono: successfully reloaded assembly
- Completed reload, in  0.872 seconds
Domain Reload Profiling:
	ReloadAssembly (873ms)
		BeginReloadAssembly (107ms)
			ExecutionOrderSort (0ms)
			DisableScriptedObjects (5ms)
			BackupInstance (0ms)
			ReleaseScriptingObjects (0ms)
			CreateAndSetChildDomain (29ms)
		EndReloadAssembly (675ms)
			LoadAssemblies (62ms)
			RebuildTransferFunctionScriptingTraits (0ms)
			SetupTypeCache (175ms)
				TypeCache.Initialize (173ms)
					TypeCache.ScanAssembly (168ms)
				ResolveRequiredComponents (2ms)
			ReleaseScriptCaches (2ms)
			RebuildScriptCaches (51ms)
			SetupLoadedEditorAssemblies (324ms)
				LogAssemblyErrors (0ms)
				InitializePlatformSupportModulesInManaged (22ms)
				SetLoadedEditorAssemblies (6ms)
				RefreshPlugins (1ms)
				BeforeProcessingInitializeOnLoad (52ms)
				ProcessInitializeOnLoadAttributes (211ms)
				ProcessInitializeOnLoadMethodAttributes (27ms)
				AfterProcessingInitializeOnLoad (5ms)
				EditorAssembliesLoaded (0ms)
			ExecutionOrderSort2 (0ms)
			AwakeInstancesAfterBackupRestoration (5ms)
Platform modules already initialized, skipping
Refreshing native plugins compatible for Editor in 0.98 ms, found 2 plugins.
Preloading 0 native plugins for Editor in 0.00 ms.
Unloading 1699 Unused Serialized files (Serialized files now loaded: 0)
Unloading 13 unused Assets / (32.5 KB). Loaded Objects now: 2242.
Memory consumption went from 286.6 MB to 286.5 MB.
Total: 2.504800 ms (FindLiveObjects: 0.184000 ms CreateObjectMapping: 0.045300 ms MarkObjects: 2.244900 ms  DeleteObjects: 0.029200 ms)

AssetImportParameters requested are different than current active one (requested -> active):
  custom:video-decoder-ogg-theora: a1e56fd34408186e4bbccfd4996cb3dc -> 
  custom:container-muxer-webm: aa71ff27fc2769a1b78a27578f13a17b -> 
  custom:container-demuxer-webm: 4f35f7cbe854078d1ac9338744f61a02 -> 
  custom:video-encoder-webm-vp8: eb34c28f22e8b96e1ab97ce403110664 -> 
  custom:video-codec-MediaFoundation-h265: 746d11721c4dcdbdad8f713fa42b33f4 -> 
  custom:audio-encoder-webm-vorbis: bf7c407c2cedff20999df2af8eb42d56 -> 
  custom:framework-win-MediaFoundation: 216162199b28c13a410421893ffa2e32 -> 
  custom:container-demuxer-ogg: 62fdf1f143b41e24485cea50d1cbac27 -> 
  custom:video-decoder-webm-vp8: 9c59270c3fd7afecdb556c50c9e8de78 -> 
  custom:audio-decoder-ogg-vorbis: bf7c407c2cedff20999df2af8eb42d56 -> 
========================================================================
Received Import Request.
  Time since last request: 104.641800 seconds.
  path: Assets/Materials/zelena.mat
  artifactKey: Guid(bc148b59f5ddbfe5ebdfa7bbd1d54d7d) Importer(815301076,1909f56bfc062723c751e8b465ee728b)
Start importing Assets/Materials/zelena.mat using Guid(bc148b59f5ddbfe5ebdfa7bbd1d54d7d) Importer(815301076,1909f56bfc062723c751e8b465ee728b)  -> (artifact id: '530f7232cee72b6a4018c0bee405e545') in 0.083979 seconds 
========================================================================
Received Import Request.
  Time since last request: 166.416862 seconds.
  path: Assets/Models/ByodoIn.fbx
  artifactKey: Guid(0c1467eda7d0bb5708ef40d0570ca21c) Importer(815301076,1909f56bfc062723c751e8b465ee728b)
Start importing Assets/Models/ByodoIn.fbx using Guid(0c1467eda7d0bb5708ef40d0570ca21c) Importer(815301076,1909f56bfc062723c751e8b465ee728b)  -> (artifact id: 'a48243d6d3213be00e2f9d42ff62ddfe') in 2.236477 seconds 
